Arguments: 
  C:\Program Files\nodejs\node.exe C:\Users\LEM\AppData\Roaming\npm\node_modules\yarn\bin\yarn.js init

PATH: 
  C:\Users\LEM\.composer\vendor\bin;C:\Users\LEM\bin;C:\Program Files\Git\mingw64\bin;C:\Program Files\Git\usr\local\bin;C:\Program Files\Git\usr\bin;C:\Program Files\Git\usr\bin;C:\Program Files\Git\mingw64\bin;C:\Program Files\Git\usr\bin;C:\Users\LEM\bin; C;C:\Program Files\Git\composer;C:\Program Files\nodejs;C:\wamp64\bin\php\php7.2.18;C:\Users\LEM\AppData\Roaming\Composer\vendor\bin;C:\Users\LEM\AppData\Roaming\npm;C:\Program Files\Git\usr\bin\vendor_perl;C:\Program Files\Git\usr\bin\core_perl;C:\Program Files\Git\usr\local\bin

Yarn version: 
  1.17.3

Node version: 
  12.13.1

Platform: 
  win32 x64

Trace: 
  Error: Can't answer a question unless a user TTY
      at ConsoleReporter.question (C:\Users\LEM\AppData\Roaming\npm\node_modules\yarn\lib\cli.js:96528:59)
      at Object.<anonymous> (C:\Users\LEM\AppData\Roaming\npm\node_modules\yarn\lib\cli.js:88889:38)
      at Generator.next (<anonymous>)
      at step (C:\Users\LEM\AppData\Roaming\npm\node_modules\yarn\lib\cli.js:304:30)
      at C:\Users\LEM\AppData\Roaming\npm\node_modules\yarn\lib\cli.js:315:13

npm manifest: 
  No manifest

yarn manifest: 
  No manifest

Lockfile: 
  No lockfile
